TN:
SF:src\use-cases\submit-feedback-use-case.ts
FN:22,execute
FN:16,SubmiteFeedbackUseCase
FNF:2
FNH:2
FNDA:5,execute
FNDA:1,SubmiteFeedbackUseCase
DA:1,1
DA:2,1
DA:3,1
DA:4,1
DA:5,1
DA:6,1
DA:7,1
DA:8,1
DA:9,1
DA:10,1
DA:11,1
DA:12,1
DA:13,1
DA:14,1
DA:15,1
DA:16,1
DA:17,1
DA:18,1
DA:19,1
DA:20,1
DA:21,1
DA:22,1
DA:23,5
DA:24,5
DA:25,5
DA:26,1
DA:27,1
DA:28,4
DA:29,5
DA:30,1
DA:31,1
DA:32,3
DA:33,5
DA:34,1
DA:35,1
DA:36,2
DA:37,5
DA:38,1
DA:39,1
DA:40,1
DA:41,1
DA:42,1
DA:43,1
DA:44,1
DA:45,1
DA:46,1
DA:47,1
DA:48,1
DA:49,1
DA:50,1
DA:51,1
DA:52,1
DA:53,1
DA:54,1
DA:55,1
DA:56,1
DA:57,1
DA:58,1
DA:59,1
DA:60,1
DA:61,1
DA:62,1
DA:63,1
DA:64,1
DA:65,1
DA:66,1
DA:67,1
DA:68,1
DA:69,1
DA:70,1
DA:71,1
DA:72,1
DA:73,1
DA:74,1
DA:75,1
DA:76,1
DA:77,1
DA:78,1
DA:79,1
LF:79
LH:79
BRDA:22,0,0,5
BRDA:25,1,0,1
BRDA:28,2,0,4
BRDA:29,3,0,1
BRDA:32,4,0,3
BRDA:33,5,0,1
BRDA:36,6,0,2
BRDA:37,7,0,1
BRDA:16,8,0,1
BRF:9
BRH:9
end_of_record
